File opened at: 2019/05/23 16:51:38
Built with gc go1.10.4 for darwin/amd64
[I 2019/05/23 16:51:38.215 main.go:21] INFO should be printed
[W 2019/05/23 16:51:38.216 main.go:22] WARN should be printed
[E 2019/05/23 16:51:38.216 main.go:23] ERROR should be printed
[I 2019/05/23 16:51:38.216 main.go:25] true should be printed
[I 2019/05/23 16:51:38.216 main.go:30] IQ equal to 250
[I 2019/05/23 16:51:38.216 main.go:32] hello | With a string field
[I 2019/05/23 16:51:38.216 main.go:33] hello
[I 2019/05/23 16:51:38.216 main.go:34] 1 | With an int field
[I 2019/05/23 16:51:38.216 main.go:35] true | With a bool field
[I 2019/05/23 16:51:38.216 main.go:36] [1 2 false] | With 3 fields
[I 2019/05/23 16:51:38.216 main.go:37] map[a:1] | With a map
[I 2019/05/23 16:51:38.216 main.go:38] {"a":1} | With a map and using JSONFormatter
This message have no header
FATAL should be printed and exit program with status code 1
========= BEGIN STACK TRACE =========
main.main()
	/Users/niuqiang/go_home/src/github.com/bangwork/mygo/20190523/main.go:45 +0x989
========== END STACK TRACE ==========
File opened at: 2019/05/23 16:51:57
Built with gc go1.10.4 for darwin/amd64
[I 2019/05/23 16:51:57.558 main.go:21] INFO should be printed
[W 2019/05/23 16:51:57.558 main.go:22] WARN should be printed
[E 2019/05/23 16:51:57.558 main.go:23] ERROR should be printed
[I 2019/05/23 16:51:57.558 main.go:25] true should be printed
[I 2019/05/23 16:51:57.558 main.go:30] IQ equal to 250
[I 2019/05/23 16:51:57.558 main.go:32] hello | With a string field
[I 2019/05/23 16:51:57.558 main.go:33] hello
[I 2019/05/23 16:51:57.558 main.go:34] 1 | With an int field
[I 2019/05/23 16:51:57.558 main.go:35] true | With a bool field
[I 2019/05/23 16:51:57.558 main.go:36] [1 2 false] | With 3 fields
[I 2019/05/23 16:51:57.558 main.go:37] map[a:1] | With a map
[I 2019/05/23 16:51:57.558 main.go:38] {"a":1} | With a map and using JSONFormatter
This message have no header
FATAL should be printed and exit program with status code 1
========= BEGIN STACK TRACE =========
main.main()
	/Users/niuqiang/go_home/src/github.com/bangwork/mygo/20190523/main.go:45 +0x989
========== END STACK TRACE ==========
File opened at: 2019/05/23 16:53:57
Built with gc go1.10.4 for darwin/amd64
[I 2019/05/23 16:53:57.684 main.go:19] INFO should be printed
[W 2019/05/23 16:53:57.684 main.go:20] WARN should be printed
[E 2019/05/23 16:53:57.684 main.go:21] ERROR should be printed
[I 2019/05/23 16:53:57.684 main.go:23] true should be printed
[I 2019/05/23 16:53:57.684 main.go:28] IQ equal to 250
[I 2019/05/23 16:53:57.684 main.go:30] hello | With a string field
[I 2019/05/23 16:53:57.684 main.go:31] hello
[I 2019/05/23 16:53:57.684 main.go:32] 1 | With an int field
[I 2019/05/23 16:53:57.684 main.go:33] true | With a bool field
[I 2019/05/23 16:53:57.684 main.go:34] [1 2 false] | With 3 fields
[I 2019/05/23 16:53:57.684 main.go:35] map[a:1] | With a map
[I 2019/05/23 16:53:57.684 main.go:36] {"a":1} | With a map and using JSONFormatter
This message have no header
FATAL should be printed and exit program with status code 1
========= BEGIN STACK TRACE =========
main.main()
	/Users/niuqiang/go_home/src/github.com/bangwork/mygo/20190523/main.go:43 +0x989
========== END STACK TRACE ==========
File opened at: 2019/05/23 16:54:18
Built with gc go1.10.4 for darwin/amd64
[I 2019/05/23 16:54:18.458 main.go:19] INFO should be printed
[W 2019/05/23 16:54:18.458 main.go:20] WARN should be printed
[E 2019/05/23 16:54:18.458 main.go:21] ERROR should be printed
[I 2019/05/23 16:54:18.458 main.go:23] true should be printed
[I 2019/05/23 16:54:18.458 main.go:28] IQ equal to 250
[I 2019/05/23 16:54:18.458 main.go:30] hello | With a string field
[I 2019/05/23 16:54:18.458 main.go:31] hello
[I 2019/05/23 16:54:18.458 main.go:32] 1 | With an int field
[I 2019/05/23 16:54:18.458 main.go:33] true | With a bool field
[I 2019/05/23 16:54:18.458 main.go:34] [1 2 false] | With 3 fields
[I 2019/05/23 16:54:18.458 main.go:35] map[a:1] | With a map
[I 2019/05/23 16:54:18.459 main.go:36] {"a":1} | With a map and using JSONFormatter
This message have no header
FATAL should be printed and exit program with status code 1
========= BEGIN STACK TRACE =========
main.main()
	/Users/niuqiang/go_home/src/github.com/bangwork/mygo/20190523/main.go:43 +0x989
========== END STACK TRACE ==========
